build/app/outputs/mapping/release/usage.txt
kotlin.jvm.internal.SpreadBuilder
kotlin.jvm.functions.Function17
kotlin.UByte
kotlin.collections.CollectionsKt__CollectionsKt
androidx.fragment.app.SuperNotCalledException
kotlin.annotation.Repeatable
androidx.viewpager.widget.ViewPager$MyAccessibilityDelegate
androidx.viewpager.R$attr
kotlin.collections.CollectionsKt__ReversedViewsKt
androidx.core.provider.FontsContractCompat
kotlin.collections.MapAccessorsKt
androidx.core.content.FileProvider$SimplePathStrategy
kotlin.collections.ArraysKt___ArraysKt$asSequence$$inlined$Sequence$3
kotlin.sequences.SequencesKt___SequencesKt$filterIndexed$2
androidx.lifecycle.Transformations$1
androidx.activity.OnBackPressedDispatcher$LifecycleOnBackPressedCancellable:
    void <init>(androidx.activity.OnBackPressedDispatcher,androidx.lifecycle.Lifecycle,androidx.activity.OnBackPressedCallback)
kotlin.UByteKt
androidx.core.util.TimeUtils
kotlin.collections.unsigned.UArraysKt___UArraysKt$withIndex$1
androidx.core.app.AppOpsManagerCompat
androidx.activity.R$layout
androidx.core.app.Person$Builder
io.flutter.embedding.android.AndroidKeyProcessor$EventResponder:
    private static final long MAX_PENDING_EVENTS
androidx.viewpager.R$style
androidx.core.os.ParcelableCompat$ParcelableCompatCreatorHoneycombMR2
androidx.core.widget.AutoScrollHelper
kotlin.time.AbstractDoubleClock
kotlin.sequences.SequencesKt__SequencesKt$asSequence$$inlined$Sequence$1
kotlin.io.FilesKt__UtilsKt
androidx.core.text.util.FindAddress$ZipRange
kotlin.reflect.KVariance
io.flutter.view.FlutterMain
kotlin.ranges.RangesKt__RangesJVMKt
kotlin.io.FileTreeWalk$FileTreeWalkIterator
kotlin.sequences.SequencesKt__SequencesKt$Sequence$1
kotlin.coroutines.experimental.intrinsics.IntrinsicsKt__IntrinsicsJvmKt
kotlin.sequences.SequencesKt___SequencesKt$minus$1
kotlin.experimental.BitwiseOperationsKt
io.flutter.embedding.android.FlutterActivityAndFragmentDelegate:
    void onLowMemory()
    private static final java.lang.String TAG
    private static final java.lang.String FRAMEWORK_RESTORATION_BUNDLE_KEY
    private static final java.lang.String PLUGINS_RESTORATION_BUNDLE_KEY
androidx.core.app.ActivityRecreator$3
kotlin.internal.UProgressionUtilKt
io.flutter.util.PathUtils:
    public void <init>()
kotlin.UninitializedPropertyAccessException
kotlin.text.StringsKt__IndentKt$getIndentFunction$2
kotlin.reflect.KProperty0
io.flutter.embedding.engine.plugins.activity.ActivityPluginBinding:
    public abstract android.app.Activity getActivity()
    public abstract java.lang.Object getLifecycle()
    public abstract void addRequestPermissionsResultListener(io.flutter.plugin.common.PluginRegistry$RequestPermissionsResultListener)
    public abstract void removeRequestPermissionsResultListener(io.flutter.plugin.common.PluginRegistry$RequestPermissionsResultListener)
    public abstract void addActivityResultListener(io.flutter.plugin.common.PluginRegistry$ActivityResultListener)
    public abstract void removeActivityResultListener(io.flutter.plugin.common.PluginRegistry$ActivityResultListener)
    public abstract void addOnNewIntentListener(io.flutter.plugin.common.PluginRegistry$NewIntentListener)
    public abstract void removeOnNewIntentListener(io.flutter.plugin.common.PluginRegistry$NewIntentListener)
    public abstract void addOnUserLeaveHintListener(io.flutter.plugin.common.PluginRegistry$UserLeaveHintListener)
    public abstract void removeOnUserLeaveHintListener(io.flutter.plugin.common.PluginRegistry$UserLeaveHintListener)
    public abstract void addOnSaveStateListener(io.flutter.embedding.engine.plugins.activity.ActivityPluginBinding$OnSaveInstanceStateListener)
    public abstract void removeOnSaveStateListener(io.flutter.embedding.engine.plugins.activity.ActivityPluginBinding$OnSaveInstanceStateListener)
kotlin.sequences.SequencesKt___SequencesKt$sortedWith$1
kotlin.ExperimentalMultiplatform
androidx.fragment.app.FragmentTransitionCompat21$4
kotlin.collections.unsigned.UArraysKt___UArraysJvmKt$asList$1